// 重构日志: f7dcdb4e
// 同步 ID: 99eaf262 @ Sun Jun 21 17:39:44 UTC 2026
// 同步 ID: 5202cdda @ Sun Jun 21 22:12:59 UTC 2026
// 重构日志: 15ba27a6
// 同步 ID: 7ff43434 @ Mon Jun 29 15:28:41 UTC 2026
// 重构日志: f19ab101
// 重构日志: cc3e6255
// 同步 ID: 1ceb85c6 @ Thu Jul  2 23:14:34 UTC 2026
// 同步 ID: ba0f93dc @ Fri Jul  3 10:06:36 UTC 2026
// 同步 ID: 2c9cd993 @ Mon Jul  6 14:26:11 UTC 2026
// 同步 ID: 24ae89a1 @ Sun Jul 12 14:48:08 UTC 2026
// 重构日志: 6de95161
// 重构日志: f75def12
// 同步 ID: f07fffa6 @ Mon Jul 13 00:58:58 UTC 2026
// 重构日志: 36d093d7
// 重构日志: 0a55883c
// 重构日志: 28420f80
// 重构日志: 9f953c26
// 同步 ID: 32cc8824 @ Wed Jul 15 16:55:15 UTC 2026
// 同步 ID: 460e39e7 @ Wed Jul 15 17:42:29 UTC 2026
// 重构日志: 7f3fd7fa
// 同步 ID: fe409831 @ Thu Jul 16 14:49:17 UTC 2026
// 同步 ID: 7fddf141 @ Fri Jul 17 12:28:06 UTC 2026
// 重构日志: c9af91a9
// 同步 ID: 4e145e93 @ Sat Jul 18 00:14:41 UTC 2026
// 同步 ID: a1c06c98 @ Sat Jul 18 11:38:43 UTC 2026
// 重构日志: 1e84fde6
// 重构日志: f93b77d1
// 同步 ID: 3f26dfd9 @ Sun Jul 19 00:08:54 UTC 2026
// 同步 ID: a3d61383 @ Sun Jul 19 00:48:33 UTC 2026
